<?xml version="1.0" encoding="UTF-8"?>
<testsuite name="org.codetest.GraderTest" tests="5" skipped="0" failures="0" errors="0" timestamp="2022-11-25T01:37:47" hostname="taesooui-MacBookPro.local" time="0.011">
  <properties/>
  <testcase name="sixtyNineShouldReturnD()" classname="org.codetest.GraderTest" time="0.009"/>
  <testcase name="seventyOneShouldReturnC()" classname="org.codetest.GraderTest" time="0.0"/>
  <testcase name="eightyOneShouldReturnB()" classname="org.codetest.GraderTest" time="0.0"/>
  <testcase name="ninetyTwoShouldReturnA()" classname="org.codetest.GraderTest" time="0.001"/>
  <testcase name="fiftyNineShouldReturnF()" classname="org.codetest.GraderTest" time="0.0"/>
  <system-out><![CDATA[]]></system-out>
  <system-err><![CDATA[]]></system-err>
</testsuite>
